<?xml version="1.0" encoding="UTF-8"?>
<testng-results ignored="0" total="0" passed="0" failed="0" skipped="0">
  <reporter-output>
  </reporter-output>
  <suite started-at="2024-06-05T19:07:07 CST" name="TestBase" finished-at="2024-06-05T19:07:07 CST" duration-ms="10">
    <groups>
    </groups>
    <test started-at="2024-06-05T19:07:07 CST" name="Command line test" finished-at="2024-06-05T19:07:07 CST" duration-ms="10">
    </test> <!-- Command line test -->
  </suite> <!-- TestBase -->
</testng-results>
